# JRE version: OpenJDK Runtime Environment (11.0.2+9) (build 11.0.2+9)
# Java VM: OpenJDK 64-Bit Server VM (11.0.2+9, mixed mode, tiered, compressed oops, g1 gc, windows-amd64)
Heap:
 garbage-first heap   total 251904K, used 175540K [0x0000000080000000, 0x0000000100000000)
  region size 1024K, 35 young (35840K), 3 survivors (3072K)
 Metaspace       used 100283K, capacity 103797K, committed 104028K, reserved 606208K
  class space    used 13304K, capacity 14678K, committed 14720K, reserved 516096K
GC Heap History (10 events):
Event: 36.958 GC heap before
{Heap before GC invocations=15 (full 0):
 garbage-first heap   total 251904K, used 197245K [0x0000000080000000, 0x0000000100000000)
  region size 1024K, 115 young (117760K), 11 survivors (11264K)
 Metaspace       used 95790K, capacity 98797K, committed 98896K, reserved 602112K
  class space    used 12755K, capacity 14011K, committed 14080K, reserved 516096K
}
Event: 36.976 GC heap after
{Heap after GC invocations=16 (full 0):
 garbage-first heap   total 251904K, used 107043K [0x0000000080000000, 0x0000000100000000)
  region size 1024K, 15 young (15360K), 15 survivors (15360K)
 Metaspace       used 95790K, capacity 98797K, committed 98896K, reserved 602112K
  class space    used 12755K, capacity 14011K, committed 14080K, reserved 516096K
}
Event: 40.439 GC heap before
{Heap before GC invocations=16 (full 0):
 garbage-first heap   total 251904K, used 186915K [0x0000000080000000, 0x0000000100000000)
  region size 1024K, 84 young (86016K), 15 survivors (15360K)
 Metaspace       used 97361K, capacity 100717K, committed 100828K, reserved 604160K
  class space    used 12938K, capacity 14261K, committed 14336K, reserved 516096K
}
Event: 40.461 GC heap after
{Heap after GC invocations=17 (full 0):
 garbage-first heap   total 251904K, used 130215K [0x0000000080000000, 0x0000000100000000)
  region size 1024K, 13 young (13312K), 13 survivors (13312K)
 Metaspace       used 97361K, capacity 100717K, committed 100828K, reserved 604160K
  class space    used 12938K, capacity 14261K, committed 14336K, reserved 516096K
}
Event: 43.303 GC heap before
{Heap before GC invocations=18 (full 0):
 garbage-first heap   total 251904K, used 172199K [0x0000000080000000, 0x0000000100000000)
  region size 1024K, 56 young (57344K), 13 survivors (13312K)
 Metaspace       used 98426K, capacity 101912K, committed 101980K, reserved 604160K
  class space    used 13076K, capacity 14440K, committed 14464K, reserved 516096K
}
Event: 43.318 GC heap after
{Heap after GC invocations=19 (full 0):
 garbage-first heap   total 251904K, used 135168K [0x0000000080000000, 0x0000000100000000)
  region size 1024K, 5 young (5120K), 5 survivors (5120K)
 Metaspace       used 98426K, capacity 101912K, committed 101980K, reserved 604160K
  class space    used 13076K, capacity 14440K, committed 14464K, reserved 516096K
}
Event: 43.621 GC heap before
{Heap before GC invocations=20 (full 0):
 garbage-first heap   total 251904K, used 137216K [0x0000000080000000, 0x0000000100000000)
  region size 1024K, 6 young (6144K), 5 survivors (5120K)
 Metaspace       used 98426K, capacity 101912K, committed 101980K, reserved 604160K
  class space    used 13076K, capacity 14440K, committed 14464K, reserved 516096K
}
Event: 43.630 GC heap after
{Heap after GC invocations=21 (full 0):
 garbage-first heap   total 251904K, used 138111K [0x0000000080000000, 0x0000000100000000)
  region size 1024K, 6 young (6144K), 6 survivors (6144K)
 Metaspace       used 98426K, capacity 101912K, committed 101980K, reserved 604160K
  class space    used 13076K, capacity 14440K, committed 14464K, reserved 516096K
}
Event: 43.830 GC heap before
{Heap before GC invocations=22 (full 0):
 garbage-first heap   total 251904K, used 140159K [0x0000000080000000, 0x0000000100000000)
  region size 1024K, 8 young (8192K), 6 survivors (6144K)
 Metaspace       used 98426K, capacity 101912K, committed 101980K, reserved 604160K
  class space    used 13076K, capacity 14440K, committed 14464K, reserved 516096K
}
Event: 43.845 GC heap after
{Heap after GC invocations=23 (full 0):
 garbage-first heap   total 251904K, used 139700K [0x0000000080000000, 0x0000000100000000)
  region size 1024K, 3 young (3072K), 3 survivors (3072K)
 Metaspace       used 98426K, capacity 101912K, committed 101980K, reserved 604160K
  class space    used 13076K, capacity 14440K, committed 14464K, reserved 516096K
}

